<?xml version="1.0" encoding="UTF-8"?>
<!-- Generated by org.testng.reporters.JUnitXMLReporter -->
<testsuite ignored="2" hostname="NARAYAN" failures="0" tests="1" name="Default test(failed)" time="0.069" errors="0" timestamp="2020-12-08T17:09:43 IST">
  <testcase classname="failure_xml_file.ExecuteOnlyFailureTestcase" name="TC3" time="0.015"/>
  <testcase classname="failure_xml_file.ExecuteOnlyFailureTestcase" name="TC1" time="0.0">
    <ignored/>
  </testcase> <!-- TC1 -->
  <testcase classname="failure_xml_file.ExecuteOnlyFailureTestcase" name="TC2" time="0.0">
    <ignored/>
  </testcase> <!-- TC2 -->
</testsuite> <!-- Default test(failed) -->
