<?xml version="1.0" encoding="UTF-8"?>
<!-- Generated by org.testng.reporters.JUnitXMLReporter -->
<testsuite ignored="0" hostname="NARAYAN" failures="0" tests="3" name="Default test" time="0.086" errors="0" timestamp="2020-12-08T17:16:26 IST">
  <testcase classname="failure_xml_file.ExecuteOnlyFailureTestCase_Way2" name="TC1" time="0.018"/>
  <testcase classname="failure_xml_file.ExecuteOnlyFailureTestCase_Way2" name="TC2" time="0.005"/>
  <testcase classname="failure_xml_file.ExecuteOnlyFailureTestCase_Way2" name="TC3" time="0.001"/>
</testsuite> <!-- Default test -->
