<?xml version="1.0" encoding="UTF-8"?>
<!-- Generated by org.testng.reporters.JUnitXMLReporter -->
<testsuite ignored="0" hostname="NARAYAN" failures="1" tests="3" name="Test" time="0.141" errors="0" timestamp="2020-12-18T13:35:55 IST">
  <testcase classname="failure_xml_file.ExecuteOnlyFailureTestCase_Way2" name="TC4" time="0.021"/>
  <testcase classname="failure_xml_file.ExecuteOnlyFailureTestCase_Way2" name="TC5" time="0.002"/>
  <testcase classname="failure_xml_file.ExecuteOnlyFailureTestCase_Way2" name="TC6" time="0.008">
    <failure type="java.lang.AssertionError" message="null">
      <![CDATA[java.lang.AssertionError: null
at failure_xml_file.ExecuteOnlyFailureTestCase_Way2.TC6(ExecuteOnlyFailureTestCase_Way2.java:24)
at java.base/java.util.ArrayList.forEach(ArrayList.java:1511)
... Removed 29 stack frames]]>
    </failure>
  </testcase> <!-- TC6 -->
</testsuite> <!-- Test -->
