<?xml version="1.0" encoding="UTF-8"?>
<!-- Generated by org.testng.reporters.JUnitXMLReporter -->
<testsuite ignored="4" hostname="NARAYAN" failures="0" tests="2" name="Test(failed)" time="0.067" errors="0" timestamp="2020-12-08T17:16:35 IST">
  <testcase classname="failure_xml_file.Sample" name="TC6" time="0.011"/>
  <testcase classname="failure_xml_file.ExecuteOnlyFailureTestCase_Way2" name="TC3" time="0.002"/>
  <testcase classname="failure_xml_file.ExecuteOnlyFailureTestCase_Way2" name="TC2" time="0.0">
    <ignored/>
  </testcase> <!-- TC2 -->
  <testcase classname="failure_xml_file.Sample" name="TC4" time="0.0">
    <ignored/>
  </testcase> <!-- TC4 -->
  <testcase classname="failure_xml_file.Sample" name="TC5" time="0.0">
    <ignored/>
  </testcase> <!-- TC5 -->
  <testcase classname="failure_xml_file.ExecuteOnlyFailureTestCase_Way2" name="TC1" time="0.0">
    <ignored/>
  </testcase> <!-- TC1 -->
</testsuite> <!-- Test(failed) -->
