<?xml version="1.0" encoding="UTF-8"?>
<testng-results ignored="0" total="3" passed="2" failed="1" skipped="0">
  <reporter-output>
    <line>
      <![CDATA[Running TC4]]>
    </line>
    <line>
      <![CDATA[Running TC5]]>
    </line>
  </reporter-output>
  <suite started-at="2020-12-08T17:30:51 IST" name="Suite" finished-at="2020-12-08T17:30:51 IST" duration-ms="114">
    <groups>
    </groups>
    <test started-at="2020-12-08T17:30:51 IST" name="Test" finished-at="2020-12-08T17:30:51 IST" duration-ms="114">
      <class name="failure_xml_file.ExecuteOnlyFailureTestCase_Way2">
        <test-method signature="TC4()[pri:0, instance:failure_xml_file.ExecuteOnlyFailureTestCase_Way2@1fe20588]" started-at="2020-12-08T17:30:51 IST" name="TC4" finished-at="2020-12-08T17:30:51 IST" duration-ms="17" status="PASS">
          <reporter-output>
            <line>
              <![CDATA[Running TC4]]>
            </line>
          </reporter-output>
        </test-method> <!-- TC4 -->
        <test-method signature="TC5()[pri:0, instance:failure_xml_file.ExecuteOnlyFailureTestCase_Way2@1fe20588]" started-at="2020-12-08T17:30:51 IST" name="TC5" finished-at="2020-12-08T17:30:51 IST" duration-ms="4" status="PASS">
          <reporter-output>
            <line>
              <![CDATA[Running TC5]]>
            </line>
          </reporter-output>
        </test-method> <!-- TC5 -->
        <test-method signature="TC6()[pri:0, instance:failure_xml_file.ExecuteOnlyFailureTestCase_Way2@1fe20588]" started-at="2020-12-08T17:30:51 IST" name="TC6" finished-at="2020-12-08T17:30:51 IST" duration-ms="8" status="FAIL">
          <exception class="java.lang.AssertionError">
            <message>
              <![CDATA[null]]>
            </message>
            <full-stacktrace>
              <![CDATA[java.lang.AssertionError: null
at org.testng.Assert.fail(Assert.java:99)
at org.testng.Assert.fail(Assert.java:106)
at failure_xml_file.ExecuteOnlyFailureTestCase_Way2.TC6(ExecuteOnlyFailureTestCase_Way2.java:24)
at java.base/jdk.internal.reflect.NativeMethodAccessorImpl.invoke0(Native Method)
at java.base/jdk.internal.reflect.NativeMethodAccessorImpl.invoke(NativeMethodAccessorImpl.java:64)
at java.base/jdk.internal.reflect.DelegatingMethodAccessorImpl.invoke(DelegatingMethodAccessorImpl.java:43)
at java.base/java.lang.reflect.Method.invoke(Method.java:564)
at org.testng.internal.MethodInvocationHelper.invokeMethod(MethodInvocationHelper.java:132)
at org.testng.internal.TestInvoker.invokeMethod(TestInvoker.java:599)
at org.testng.internal.TestInvoker.invokeTestMethod(TestInvoker.java:174)
at org.testng.internal.MethodRunner.runInSequence(MethodRunner.java:46)
at org.testng.internal.TestInvoker$MethodInvocationAgent.invoke(TestInvoker.java:822)
at org.testng.internal.TestInvoker.invokeTestMethods(TestInvoker.java:147)
at org.testng.internal.TestMethodWorker.invokeTestMethods(TestMethodWorker.java:146)
at org.testng.internal.TestMethodWorker.run(TestMethodWorker.java:128)
at java.base/java.util.ArrayList.forEach(ArrayList.java:1511)
at org.testng.TestRunner.privateRun(TestRunner.java:764)
at org.testng.TestRunner.run(TestRunner.java:585)
at org.testng.SuiteRunner.runTest(SuiteRunner.java:384)
at org.testng.SuiteRunner.runSequentially(SuiteRunner.java:378)
at org.testng.SuiteRunner.privateRun(SuiteRunner.java:337)
at org.testng.SuiteRunner.run(SuiteRunner.java:286)
at org.testng.SuiteRunnerWorker.runSuite(SuiteRunnerWorker.java:53)
at org.testng.SuiteRunnerWorker.run(SuiteRunnerWorker.java:96)
at org.testng.TestNG.runSuitesSequentially(TestNG.java:1218)
at org.testng.TestNG.runSuitesLocally(TestNG.java:1140)
at org.testng.TestNG.runSuites(TestNG.java:1069)
at org.testng.TestNG.run(TestNG.java:1037)
at org.testng.remote.AbstractRemoteTestNG.run(AbstractRemoteTestNG.java:115)
at org.testng.remote.RemoteTestNG.initAndRun(RemoteTestNG.java:251)
at org.testng.remote.RemoteTestNG.main(RemoteTestNG.java:77)
]]>
            </full-stacktrace>
          </exception> <!-- java.lang.AssertionError -->
          <reporter-output>
          </reporter-output>
        </test-method> <!-- TC6 -->
      </class> <!-- failure_xml_file.ExecuteOnlyFailureTestCase_Way2 -->
    </test> <!-- Test -->
  </suite> <!-- Suite -->
</testng-results>
