<?xml version="1.0" encoding="UTF-8"?>
<testng-results ignored="0" total="2" passed="2" failed="0" skipped="0">
  <reporter-output>
  </reporter-output>
  <suite started-at="2021-01-16T12:59:24 IST" name="Suite" finished-at="2021-01-16T12:59:37 IST" duration-ms="13016">
    <groups>
    </groups>
    <test started-at="2021-01-16T12:59:24 IST" name="Test2" finished-at="2021-01-16T12:59:37 IST" duration-ms="12584">
      <class name="paraller.class2">
        <test-method signature="TC2()[pri:0, instance:paraller.class2@49c386c8]" started-at="2021-01-16T12:59:24 IST" name="TC2" finished-at="2021-01-16T12:59:37 IST" duration-ms="12529" status="PASS">
          <reporter-output>
          </reporter-output>
        </test-method> <!-- TC2 -->
      </class> <!-- paraller.class2 -->
    </test> <!-- Test2 -->
    <test started-at="2021-01-16T12:59:24 IST" name="Test1" finished-at="2021-01-16T12:59:37 IST" duration-ms="13016">
      <class name="paraller.class1">
        <test-method signature="TC1()[pri:0, instance:paraller.class1@6973bf95]" started-at="2021-01-16T12:59:24 IST" name="TC1" finished-at="2021-01-16T12:59:37 IST" duration-ms="12969" status="PASS">
          <reporter-output>
          </reporter-output>
        </test-method> <!-- TC1 -->
      </class> <!-- paraller.class1 -->
    </test> <!-- Test1 -->
  </suite> <!-- Suite -->
</testng-results>
